<?xml version="1.0" encoding="UTF-8"?>
<!-- Generated by org.testng.reporters.JUnitXMLReporter -->
<testsuite ignored="0" hostname="GLK-ThinkPad" failures="1" tests="16" name="Testing Chrome" time="279.413" errors="0" timestamp="2025-01-31T09:12:51 CET">
  <testcase classname="amazon1.Project_1.Testcase4_User_Successfully_edit_profile_info" name="user_can_edit_profile_info" time="6.675"/>
  <testcase classname="amazon1.Project_1.Testcase7_ensure_productdetailspage_displays_all_info" name="ensure_productdetails_display" time="14.23"/>
  <testcase classname="amazon1.Project_1.Testcase6_Verify_search_using_filters" name="search_product_apply_filters" time="12.104"/>
  <testcase classname="amazon1.Project_1.Testcase1_Newuser_successfully_register" name="NewUser_registration" time="2.351"/>
  <testcase classname="amazon1.Project_1.Testcase12_CheckIfUser_SelectPaymentMethod" name="checkout_process" time="22.034"/>
  <testcase classname="amazon1.Project_1.Testcase5_searchProduct_likeshoe" name="signin_search_shoes" time="6.795"/>
  <testcase classname="amazon1.Project_1.Testcase11_ValidateEntireCheckout_Address_Payment_order_review" name="checkout_process" time="10.903">
    <skipped/>
  </testcase> <!-- checkout_process -->
  <testcase classname="amazon1.Project_1.Testcase11_ValidateEntireCheckout_Address_Payment_order_review" name="checkout_process" time="32.243"/>
  <testcase classname="amazon1.Project_1.Testcase9_Verify_items_addToshoppingcart_from_productpage" name="Verify_item_addtoshoppingcart" time="20.569"/>
  <testcase classname="amazon1.Project_1.Testcase10_UpdateItemsQuantities_remove_item_from_cart" name="updateaddedItemsQuantity_remove_from_cart" time="0.058">
    <skipped/>
  </testcase> <!-- updateaddedItemsQuantity_remove_from_cart -->
  <testcase classname="amazon1.Project_1.Testcase10_UpdateItemsQuantities_remove_item_from_cart" name="updateaddedItemsQuantity_remove_from_cart" time="48.441"/>
  <testcase classname="amazon1.Project_1.Testcase8_Check_Productsort_Relevance_price_rating" name="Check_productsort" time="7.289"/>
  <testcase classname="amazon1.Project_1.Testcase2_Login_verify_correctUn_Pwd" name="Login_verify" time="2.992"/>
  <testcase classname="amazon1.Project_1.Testcase15_Reach_till_cartpage_withoutlogin" name="Reach_till_cart_withoutLogin" time="5.06">
    <skipped/>
  </testcase> <!-- Reach_till_cart_withoutLogin -->
  <testcase classname="amazon1.Project_1.Testcase15_Reach_till_cartpage_withoutlogin" name="Reach_till_cart_withoutLogin" time="5.424">
    <failure type="org.openqa.selenium.NoSuchElementException" message="no such element: Unable to locate element: {&amp;quot;method&amp;quot;:&amp;quot;xpath&amp;quot;,&amp;quot;selector&amp;quot;:&amp;quot;//input[@value=&amp;apos;Proceed to checkout&amp;apos;]&amp;quot;}
  (Session info: chrome=132.0.6834.160)
For documentation on this error, please visit: https://www.selenium.dev/documentation/webdriver/troubleshooting/errors#no-such-element-exception
Build info: version: &amp;apos;4.27.0&amp;apos;, revision: &amp;apos;d6e718d134&amp;apos;
System info: os.name: &amp;apos;Windows 11&amp;apos;, os.arch: &amp;apos;amd64&amp;apos;, os.version: &amp;apos;10.0&amp;apos;, java.version: &amp;apos;23&amp;apos;
Driver info: org.openqa.selenium.chrome.ChromeDriver
Command: [b283d71d0fcbfcb3ca0bc2bef994b8ca, findElement {using=xpath, value=//input[@value=&amp;apos;Proceed to checkout&amp;apos;]}]
Capabilities {acceptInsecureCerts: false, browserName: chrome, browserVersion: 132.0.6834.160, chrome: {chromedriverVersion: 132.0.6834.159 (2d77d3fc445..., userDataDir: C:\Users\kales\AppData\Loca...}, fedcm:accounts: true, goog:chromeOptions: {debuggerAddress: localhost:56085}, networkConnectionEnabled: false, pageLoadStrategy: normal, platformName: windows, proxy: Proxy(), se:cdp: ws://localhost:56085/devtoo..., se:cdpVersion: 132.0.6834.160, setWindowRect: true, strictFileInteractability: false, timeouts: {implicit: 0, pageLoad: 300000, script: 30000}, unhandledPromptBehavior: dismiss and notify, webauthn:extension:credBlob: true, webauthn:extension:largeBlob: true, webauthn:extension:minPinLength: true, webauthn:extension:prf: true, webauthn:virtualAuthenticators: true}
Session ID: b283d71d0fcbfcb3ca0bc2bef994b8ca">
      <![CDATA[org.openqa.selenium.NoSuchElementException: no such element: Unable to locate element: {"method":"xpath","selector":"//input[@value='Proceed to checkout']"}
  (Session info: chrome=132.0.6834.160)
For documentation on this error, please visit: https://www.selenium.dev/documentation/webdriver/troubleshooting/errors#no-such-element-exception
Build info: version: '4.27.0', revision: 'd6e718d134'
System info: os.name: 'Windows 11', os.arch: 'amd64', os.version: '10.0', java.version: '23'
Driver info: org.openqa.selenium.chrome.ChromeDriver
Command: [b283d71d0fcbfcb3ca0bc2bef994b8ca, findElement {using=xpath, value=//input[@value='Proceed to checkout']}]
Capabilities {acceptInsecureCerts: false, browserName: chrome, browserVersion: 132.0.6834.160, chrome: {chromedriverVersion: 132.0.6834.159 (2d77d3fc445..., userDataDir: C:\Users\kales\AppData\Loca...}, fedcm:accounts: true, goog:chromeOptions: {debuggerAddress: localhost:56085}, networkConnectionEnabled: false, pageLoadStrategy: normal, platformName: windows, proxy: Proxy(), se:cdp: ws://localhost:56085/devtoo..., se:cdpVersion: 132.0.6834.160, setWindowRect: true, strictFileInteractability: false, timeouts: {implicit: 0, pageLoad: 300000, script: 30000}, unhandledPromptBehavior: dismiss and notify, webauthn:extension:credBlob: true, webauthn:extension:largeBlob: true, webauthn:extension:minPinLength: true, webauthn:extension:prf: true, webauthn:virtualAuthenticators: true}
Session ID: b283d71d0fcbfcb3ca0bc2bef994b8ca
at org.openqa.selenium.remote.ErrorCodec.decode(ErrorCodec.java:167)
at org.openqa.selenium.remote.codec.w3c.W3CHttpResponseCodec.decode(W3CHttpResponseCodec.java:138)
at org.openqa.selenium.remote.codec.w3c.W3CHttpResponseCodec.decode(W3CHttpResponseCodec.java:50)
at org.openqa.selenium.remote.HttpCommandExecutor.execute(HttpCommandExecutor.java:190)
at org.openqa.selenium.remote.service.DriverCommandExecutor.invokeExecute(DriverCommandExecutor.java:216)
at org.openqa.selenium.remote.service.DriverCommandExecutor.execute(DriverCommandExecutor.java:174)
at org.openqa.selenium.remote.RemoteWebDriver.execute(RemoteWebDriver.java:545)
at org.openqa.selenium.remote.ElementLocation$ElementFinder$2.findElement(ElementLocation.java:165)
at org.openqa.selenium.remote.ElementLocation.findElement(ElementLocation.java:59)
at org.openqa.selenium.remote.RemoteWebDriver.findElement(RemoteWebDriver.java:368)
at org.openqa.selenium.remote.RemoteWebDriver.findElement(RemoteWebDriver.java:362)
at org.openqa.selenium.support.pagefactory.DefaultElementLocator.findElement(DefaultElementLocator.java:68)
at org.openqa.selenium.support.pagefactory.internal.LocatingElementHandler.invoke(LocatingElementHandler.java:38)
at jdk.proxy2/jdk.proxy2.$Proxy14.isDisplayed(Unknown Source)
at amazon1.Project_1.Productpage.addtocart_drawing(Productpage.java:81)
at amazon1.Project_1.Testcase15_Reach_till_cartpage_withoutlogin.Reach_till_cart_withoutLogin(Testcase15_Reach_till_cartpage_withoutlogin.java:17)
at java.base/java.util.ArrayList.forEach(ArrayList.java:1597)
... Removed 28 stack frames]]>
    </failure>
  </testcase> <!-- Reach_till_cart_withoutLogin -->
  <testcase classname="amazon1.Project_1.Testcase3_Login_wrong_username_pwd" name="Login_wrong_un_pwd" time="1.112"/>
</testsuite> <!-- Testing Chrome -->
