<?xml version="1.0" encoding="UTF-8"?>
<testng-results retried="4" ignored="4" total="35" passed="25" failed="2" skipped="0">
  <reporter-output>
    <line>
      <![CDATA[Testcase passed]]>
    </line>
    <line>
      <![CDATA[Testcase passed]]>
    </line>
    <line>
      <![CDATA[Testcase passed]]>
    </line>
    <line>
      <![CDATA[Testcase passed]]>
    </line>
    <line>
      <![CDATA[Testcase passed]]>
    </line>
    <line>
      <![CDATA[Testcase passed]]>
    </line>
    <line>
      <![CDATA[Testcase passed]]>
    </line>
    <line>
      <![CDATA[Testcase passed]]>
    </line>
    <line>
      <![CDATA[Testcase failed]]>
    </line>
    <line>
      <![CDATA[Testcase failed]]>
    </line>
    <line>
      <![CDATA[Testcase passed]]>
    </line>
    <line>
      <![CDATA[Testcase passed]]>
    </line>
    <line>
      <![CDATA[Testcase passed]]>
    </line>
    <line>
      <![CDATA[Testcase passed]]>
    </line>
    <line>
      <![CDATA[Testcase passed]]>
    </line>
    <line>
      <![CDATA[Testcase passed]]>
    </line>
    <line>
      <![CDATA[Testcase passed]]>
    </line>
    <line>
      <![CDATA[Testcase passed]]>
    </line>
    <line>
      <![CDATA[Testcase passed]]>
    </line>
    <line>
      <![CDATA[Testcase passed]]>
    </line>
    <line>
      <![CDATA[Testcase passed]]>
    </line>
    <line>
      <![CDATA[Testcase passed]]>
    </line>
    <line>
      <![CDATA[Testcase passed]]>
    </line>
    <line>
      <![CDATA[Testcase passed]]>
    </line>
    <line>
      <![CDATA[Testcase passed]]>
    </line>
    <line>
      <![CDATA[Testcase passed]]>
    </line>
    <line>
      <![CDATA[Testcase passed]]>
    </line>
  </reporter-output>
  <suite started-at="2025-02-02T09:27:41 CET" name="Suite" finished-at="2025-02-02T09:37:26 CET" duration-ms="585275">
    <groups>
    </groups>
    <test started-at="2025-02-02T09:27:41 CET" name="Testing chrome" finished-at="2025-02-02T09:37:12 CET" duration-ms="570988">
      <class name="amazon1.Project_1.Testcase15_Reach_till_cartpage_withoutlogin">
        <test-method is-config="true" signature="launch(java.lang.String)[pri:0, instance:amazon1.Project_1.Testcase15_Reach_till_cartpage_withoutlogin@74e52ef6]" started-at="2025-02-02T09:36:02 CET" name="launch" finished-at="2025-02-02T09:36:50 CET" duration-ms="47278" status="PASS">
          <params>
            <param index="0">
              <value>
                <![CDATA[Chrome]]>
              </value>
            </param>
          </params>
          <reporter-output>
          </reporter-output>
        </test-method> <!-- launch -->
        <test-method signature="Reach_till_cart_withoutLogin()[pri:0, instance:amazon1.Project_1.Testcase15_Reach_till_cartpage_withoutlogin@74e52ef6]" started-at="2025-02-02T09:36:50 CET" name="Reach_till_cart_withoutLogin" finished-at="2025-02-02T09:37:05 CET" duration-ms="15219" status="PASS">
          <reporter-output>
            <line>
              <![CDATA[Testcase passed]]>
            </line>
          </reporter-output>
        </test-method> <!-- Reach_till_cart_withoutLogin -->
        <test-method is-config="true" signature="quit()[pri:0, instance:amazon1.Project_1.Testcase15_Reach_till_cartpage_withoutlogin@74e52ef6]" started-at="2025-02-02T09:37:05 CET" name="quit" finished-at="2025-02-02T09:37:05 CET" duration-ms="0" status="PASS">
          <reporter-output>
          </reporter-output>
        </test-method> <!-- quit -->
      </class> <!-- amazon1.Project_1.Testcase15_Reach_till_cartpage_withoutlogin -->
      <class name="amazon1.Project_1.Testcase10_UpdateItemsQuantities_remove_item_from_cart">
        <test-method is-config="true" signature="launch(java.lang.String)[pri:0, instance:amazon1.Project_1.Testcase10_UpdateItemsQuantities_remove_item_from_cart@7eac9008]" started-at="2025-02-02T09:33:48 CET" name="launch" finished-at="2025-02-02T09:33:54 CET" duration-ms="5675" status="PASS">
          <params>
            <param index="0">
              <value>
                <![CDATA[Chrome]]>
              </value>
            </param>
          </params>
          <reporter-output>
          </reporter-output>
        </test-method> <!-- launch -->
        <test-method signature="updateaddedItemsQuantity_remove_from_cart()[pri:0, instance:amazon1.Project_1.Testcase10_UpdateItemsQuantities_remove_item_from_cart@7eac9008]" started-at="2025-02-02T09:33:54 CET" name="updateaddedItemsQuantity_remove_from_cart" finished-at="2025-02-02T09:34:49 CET" duration-ms="55635" status="PASS">
          <reporter-output>
            <line>
              <![CDATA[Testcase passed]]>
            </line>
          </reporter-output>
        </test-method> <!-- updateaddedItemsQuantity_remove_from_cart -->
        <test-method is-config="true" signature="quit()[pri:0, instance:amazon1.Project_1.Testcase10_UpdateItemsQuantities_remove_item_from_cart@7eac9008]" started-at="2025-02-02T09:34:49 CET" name="quit" finished-at="2025-02-02T09:34:49 CET" duration-ms="0" status="PASS">
          <reporter-output>
          </reporter-output>
        </test-method> <!-- quit -->
      </class> <!-- amazon1.Project_1.Testcase10_UpdateItemsQuantities_remove_item_from_cart -->
      <class name="amazon1.Project_1.Testcase2_Login_verify_correctUn_Pwd">
        <test-method is-config="true" signature="launch(java.lang.String)[pri:0, instance:amazon1.Project_1.Testcase2_Login_verify_correctUn_Pwd@62ddbd7e]" started-at="2025-02-02T09:35:01 CET" name="launch" finished-at="2025-02-02T09:35:28 CET" duration-ms="26764" status="PASS">
          <params>
            <param index="0">
              <value>
                <![CDATA[Chrome]]>
              </value>
            </param>
          </params>
          <reporter-output>
          </reporter-output>
        </test-method> <!-- launch -->
        <test-method retried="true" signature="Login_verify()[pri:0, instance:amazon1.Project_1.Testcase2_Login_verify_correctUn_Pwd@62ddbd7e]" started-at="2025-02-02T09:35:28 CET" name="Login_verify" finished-at="2025-02-02T09:35:28 CET" duration-ms="66" status="SKIP">
          <exception class="org.openqa.selenium.json.JsonException">
            <message>
              <![CDATA[java.lang.reflect.InvocationTargetException
Build info: version: '4.27.0', revision: 'd6e718d134'
System info: os.name: 'Windows 11', os.arch: 'amd64', os.version: '10.0', java.version: '23'
Driver info: org.openqa.selenium.chrome.ChromeDriver
Command: [ae0be023bf1f41ee9e5b315ccb322952, actions {actions=[org.openqa.selenium.interactions.Sequence@41c15a58]}]
Capabilities {acceptInsecureCerts: false, browserName: chrome, browserVersion: 132.0.6834.160, chrome: {chromedriverVersion: 132.0.6834.159 (2d77d3fc445..., userDataDir: C:\Users\kales\AppData\Loca...}, fedcm:accounts: true, goog:chromeOptions: {debuggerAddress: localhost:51214}, networkConnectionEnabled: false, pageLoadStrategy: normal, platformName: windows, proxy: Proxy(), se:cdp: ws://localhost:51214/devtoo..., se:cdpVersion: 132.0.6834.160, setWindowRect: true, strictFileInteractability: false, timeouts: {implicit: 0, pageLoad: 300000, script: 30000}, unhandledPromptBehavior: dismiss and notify, webauthn:extension:credBlob: true, webauthn:extension:largeBlob: true, webauthn:extension:minPinLength: true, webauthn:extension:prf: true, webauthn:virtualAuthenticators: true}
Session ID: ae0be023bf1f41ee9e5b315ccb322952]]>
            </message>
            <full-stacktrace>
              <![CDATA[org.openqa.selenium.json.JsonException: java.lang.reflect.InvocationTargetException
Build info: version: '4.27.0', revision: 'd6e718d134'
System info: os.name: 'Windows 11', os.arch: 'amd64', os.version: '10.0', java.version: '23'
Driver info: org.openqa.selenium.chrome.ChromeDriver
Command: [ae0be023bf1f41ee9e5b315ccb322952, actions {actions=[org.openqa.selenium.interactions.Sequence@41c15a58]}]
Capabilities {acceptInsecureCerts: false, browserName: chrome, browserVersion: 132.0.6834.160, chrome: {chromedriverVersion: 132.0.6834.159 (2d77d3fc445..., userDataDir: C:\Users\kales\AppData\Loca...}, fedcm:accounts: true, goog:chromeOptions: {debuggerAddress: localhost:51214}, networkConnectionEnabled: false, pageLoadStrategy: normal, platformName: windows, proxy: Proxy(), se:cdp: ws://localhost:51214/devtoo..., se:cdpVersion: 132.0.6834.160, setWindowRect: true, strictFileInteractability: false, timeouts: {implicit: 0, pageLoad: 300000, script: 30000}, unhandledPromptBehavior: dismiss and notify, webauthn:extension:credBlob: true, webauthn:extension:largeBlob: true, webauthn:extension:minPinLength: true, webauthn:extension:prf: true, webauthn:virtualAuthenticators: true}
Session ID: ae0be023bf1f41ee9e5b315ccb322952
at org.openqa.selenium.json.JsonOutput.convertUsingMethod(JsonOutput.java:520)
at org.openqa.selenium.json.JsonOutput.lambda$new$16(JsonOutput.java:182)
at org.openqa.selenium.json.JsonOutput.write0(JsonOutput.java:409)
at org.openqa.selenium.json.JsonOutput.lambda$new$22(JsonOutput.java:204)
at java.base/java.util.stream.ForEachOps$ForEachOp$OfRef.accept(ForEachOps.java:184)
at java.base/java.util.stream.ReferencePipeline$2$1.accept(ReferencePipeline.java:197)
at java.base/java.util.Iterator.forEachRemaining(Iterator.java:133)
at java.base/java.util.Spliterators$IteratorSpliterator.forEachRemaining(Spliterators.java:1939)
at java.base/java.util.stream.AbstractPipeline.copyInto(AbstractPipeline.java:570)
at java.base/java.util.stream.AbstractPipeline.wrapAndCopyInto(AbstractPipeline.java:560)
at java.base/java.util.stream.ForEachOps$ForEachOp.evaluateSequential(ForEachOps.java:151)
at java.base/java.util.stream.ForEachOps$ForEachOp$OfRef.evaluateSequential(ForEachOps.java:174)
at java.base/java.util.stream.AbstractPipeline.evaluate(AbstractPipeline.java:265)
at java.base/java.util.stream.ReferencePipeline.forEach(ReferencePipeline.java:636)
at org.openqa.selenium.json.JsonOutput.lambda$new$23(JsonOutput.java:204)
at org.openqa.selenium.json.JsonOutput.write0(JsonOutput.java:409)
at org.openqa.selenium.json.JsonOutput.lambda$new$24(JsonOutput.java:222)
at java.base/java.util.Map.forEach(Map.java:733)
at org.openqa.selenium.json.JsonOutput.lambda$new$25(JsonOutput.java:217)
at org.openqa.selenium.json.JsonOutput.write0(JsonOutput.java:409)
at org.openqa.selenium.json.JsonOutput.write(JsonOutput.java:400)
at org.openqa.selenium.json.Json.toJson(Json.java:133)
at org.openqa.selenium.json.Json.toJson(Json.java:119)
at org.openqa.selenium.remote.codec.AbstractHttpCommandCodec.encode(AbstractHttpCommandCodec.java:245)
at org.openqa.selenium.remote.codec.AbstractHttpCommandCodec.encode(AbstractHttpCommandCodec.java:111)
at org.openqa.selenium.remote.HttpCommandExecutor.execute(HttpCommandExecutor.java:178)
at org.openqa.selenium.remote.service.DriverCommandExecutor.invokeExecute(DriverCommandExecutor.java:216)
at org.openqa.selenium.remote.service.DriverCommandExecutor.execute(DriverCommandExecutor.java:174)
at org.openqa.selenium.remote.RemoteWebDriver.execute(RemoteWebDriver.java:545)
at org.openqa.selenium.remote.RemoteWebDriver.perform(RemoteWebDriver.java:631)
at org.openqa.selenium.interactions.Actions$BuiltAction.perform(Actions.java:613)
at org.openqa.selenium.interactions.Actions.perform(Actions.java:578)
at amazon1.Project_1.Homepage.accountandlist(Homepage.java:64)
at amazon1.Project_1.Testcase2_Login_verify_correctUn_Pwd.Login_verify(Testcase2_Login_verify_correctUn_Pwd.java:14)
at java.base/jdk.internal.reflect.DirectMethodHandleAccessor.invoke(DirectMethodHandleAccessor.java:103)
at java.base/java.lang.reflect.Method.invoke(Method.java:580)
at org.testng.internal.invokers.MethodInvocationHelper.invokeMethod(MethodInvocationHelper.java:141)
at org.testng.internal.invokers.TestInvoker.invokeMethod(TestInvoker.java:686)
at org.testng.internal.invokers.TestInvoker.invokeTestMethod(TestInvoker.java:230)
at org.testng.internal.invokers.MethodRunner.runInSequence(MethodRunner.java:63)
at org.testng.internal.invokers.TestInvoker$MethodInvocationAgent.invoke(TestInvoker.java:992)
at org.testng.internal.invokers.TestInvoker.invokeTestMethods(TestInvoker.java:203)
at org.testng.internal.invokers.TestMethodWorker.invokeTestMethods(TestMethodWorker.java:154)
at org.testng.internal.invokers.TestMethodWorker.run(TestMethodWorker.java:134)
at java.base/java.util.ArrayList.forEach(ArrayList.java:1597)
at org.testng.TestRunner.privateRun(TestRunner.java:739)
at org.testng.TestRunner.run(TestRunner.java:614)
at org.testng.SuiteRunner.runTest(SuiteRunner.java:421)
at org.testng.SuiteRunner$SuiteWorker.run(SuiteRunner.java:463)
at org.testng.internal.thread.ThreadUtil.lambda$execute$0(ThreadUtil.java:64)
at java.base/java.util.concurrent.FutureTask.run(FutureTask.java:317)
at java.base/java.util.concurrent.ThreadPoolExecutor.runWorker(ThreadPoolExecutor.java:1144)
at java.base/java.util.concurrent.ThreadPoolExecutor$Worker.run(ThreadPoolExecutor.java:642)
at java.base/java.lang.Thread.run(Thread.java:1575)
Suppressed: org.openqa.selenium.json.JsonException: Attempting to close incomplete json stream
Build info: version: '4.27.0', revision: 'd6e718d134'
System info: os.name: 'Windows 11', os.arch: 'amd64', os.version: '10.0', java.version: '23'
Driver info: driver.version: RemoteWebDriver
at org.openqa.selenium.json.JsonOutput.close(JsonOutput.java:431)
at org.openqa.selenium.json.Json.toJson(Json.java:131)
... 32 more
Caused by: java.lang.reflect.InvocationTargetException
at java.base/jdk.internal.reflect.DirectMethodHandleAccessor.invoke(DirectMethodHandleAccessor.java:118)
at java.base/java.lang.reflect.Method.invoke(Method.java:580)
at org.openqa.selenium.json.JsonOutput.convertUsingMethod(JsonOutput.java:516)
... 53 more
Caused by: org.openqa.selenium.NoSuchElementException: no such element: Unable to locate element: {"method":"xpath","selector":"//span[@class='nav-line-2 ']"}
  (Session info: chrome=132.0.6834.160)
For documentation on this error, please visit: https://www.selenium.dev/documentation/webdriver/troubleshooting/errors#no-such-element-exception
Build info: version: '4.27.0', revision: 'd6e718d134'
System info: os.name: 'Windows 11', os.arch: 'amd64', os.version: '10.0', java.version: '23'
Driver info: org.openqa.selenium.chrome.ChromeDriver
Command: [ae0be023bf1f41ee9e5b315ccb322952, findElement {using=xpath, value=//span[@class='nav-line-2 ']}]
Capabilities {acceptInsecureCerts: false, browserName: chrome, browserVersion: 132.0.6834.160, chrome: {chromedriverVersion: 132.0.6834.159 (2d77d3fc445..., userDataDir: C:\Users\kales\AppData\Loca...}, fedcm:accounts: true, goog:chromeOptions: {debuggerAddress: localhost:51214}, networkConnectionEnabled: false, pageLoadStrategy: normal, platformName: windows, proxy: Proxy(), se:cdp: ws://localhost:51214/devtoo..., se:cdpVersion: 132.0.6834.160, setWindowRect: true, strictFileInteractability: false, timeouts: {implicit: 0, pageLoad: 300000, script: 30000}, unhandledPromptBehavior: dismiss and notify, webauthn:extension:credBlob: true, webauthn:extension:largeBlob: true, webauthn:extension:minPinLength: true, webauthn:extension:prf: true, webauthn:virtualAuthenticators: true}
Session ID: ae0be023bf1f41ee9e5b315ccb322952
at java.base/jdk.internal.reflect.DirectConstructorHandleAccessor.newInstance(DirectConstructorHandleAccessor.java:62)
at java.base/java.lang.reflect.Constructor.newInstanceWithCaller(Constructor.java:501)
at java.base/java.lang.reflect.Constructor.newInstance(Constructor.java:485)
at org.openqa.selenium.remote.ErrorCodec.decode(ErrorCodec.java:167)
at org.openqa.selenium.remote.codec.w3c.W3CHttpResponseCodec.decode(W3CHttpResponseCodec.java:138)
at org.openqa.selenium.remote.codec.w3c.W3CHttpResponseCodec.decode(W3CHttpResponseCodec.java:50)
at org.openqa.selenium.remote.HttpCommandExecutor.execute(HttpCommandExecutor.java:190)
at org.openqa.selenium.remote.service.DriverCommandExecutor.invokeExecute(DriverCommandExecutor.java:216)
at org.openqa.selenium.remote.service.DriverCommandExecutor.execute(DriverCommandExecutor.java:174)
at org.openqa.selenium.remote.RemoteWebDriver.execute(RemoteWebDriver.java:545)
at org.openqa.selenium.remote.ElementLocation$ElementFinder$2.findElement(ElementLocation.java:165)
at org.openqa.selenium.remote.ElementLocation.findElement(ElementLocation.java:59)
at org.openqa.selenium.remote.RemoteWebDriver.findElement(RemoteWebDriver.java:368)
at org.openqa.selenium.remote.RemoteWebDriver.findElement(RemoteWebDriver.java:362)
at org.openqa.selenium.support.pagefactory.DefaultElementLocator.findElement(DefaultElementLocator.java:68)
at org.openqa.selenium.support.pagefactory.internal.LocatingElementHandler.invoke(LocatingElementHandler.java:38)
at jdk.proxy2/jdk.proxy2.$Proxy10.getWrappedElement(Unknown Source)
at org.openqa.selenium.interactions.PointerInput$Origin.asArg(PointerInput.java:259)
at org.openqa.selenium.interactions.PointerInput$Move.encode(PointerInput.java:208)
at org.openqa.selenium.interactions.Sequence.encode(Sequence.java:72)
at org.openqa.selenium.interactions.Sequence.toJson(Sequence.java:81)
at java.base/jdk.internal.reflect.DirectMethodHandleAccessor.invoke(DirectMethodHandleAccessor.java:103)
... 55 more
]]>
            </full-stacktrace>
          </exception> <!-- org.openqa.selenium.json.JsonException -->
          <reporter-output>
          </reporter-output>
        </test-method> <!-- Login_verify -->
        <test-method is-config="true" signature="quit()[pri:0, instance:amazon1.Project_1.Testcase2_Login_verify_correctUn_Pwd@62ddbd7e]" started-at="2025-02-02T09:35:28 CET" name="quit" finished-at="2025-02-02T09:35:28 CET" duration-ms="4" status="PASS">
          <reporter-output>
          </reporter-output>
        </test-method> <!-- quit -->
        <test-method is-config="true" signature="launch(java.lang.String)[pri:0, instance:amazon1.Project_1.Testcase2_Login_verify_correctUn_Pwd@62ddbd7e]" started-at="2025-02-02T09:35:28 CET" name="launch" finished-at="2025-02-02T09:36:01 CET" duration-ms="32490" status="PASS">
          <params>
            <param index="0">
              <value>
                <![CDATA[Chrome]]>
              </value>
            </param>
          </params>
          <reporter-output>
          </reporter-output>
        </test-method> <!-- launch -->
        <test-method signature="Login_verify()[pri:0, instance:amazon1.Project_1.Testcase2_Login_verify_correctUn_Pwd@62ddbd7e]" started-at="2025-02-02T09:36:01 CET" name="Login_verify" finished-at="2025-02-02T09:36:02 CET" duration-ms="1744" status="PASS">
          <reporter-output>
            <line>
              <![CDATA[Testcase passed]]>
            </line>
          </reporter-output>
        </test-method> <!-- Login_verify -->
        <test-method is-config="true" signature="quit()[pri:0, instance:amazon1.Project_1.Testcase2_Login_verify_correctUn_Pwd@62ddbd7e]" started-at="2025-02-02T09:36:02 CET" name="quit" finished-at="2025-02-02T09:36:02 CET" duration-ms="0" status="PASS">
          <reporter-output>
          </reporter-output>
        </test-method> <!-- quit -->
      </class> <!-- amazon1.Project_1.Testcase2_Login_verify_correctUn_Pwd -->
      <class name="amazon1.Project_1.Testcase11_ValidateEntireCheckout_Address_Payment_order_review">
        <test-method is-config="true" signature="launch(java.lang.String)[pri:0, instance:amazon1.Project_1.Testcase11_ValidateEntireCheckout_Address_Payment_order_review@3cd3e762]" started-at="2025-02-02T09:33:01 CET" name="launch" finished-at="2025-02-02T09:33:08 CET" duration-ms="7054" status="PASS">
          <params>
            <param index="0">
              <value>
                <![CDATA[Chrome]]>
              </value>
            </param>
          </params>
          <reporter-output>
          </reporter-output>
        </test-method> <!-- launch -->
        <test-method signature="checkout_process()[pri:0, instance:amazon1.Project_1.Testcase11_ValidateEntireCheckout_Address_Payment_order_review@3cd3e762]" started-at="2025-02-02T09:33:08 CET" name="checkout_process" finished-at="2025-02-02T09:33:29 CET" duration-ms="21171" status="PASS">
          <reporter-output>
            <line>
              <![CDATA[Testcase passed]]>
            </line>
          </reporter-output>
        </test-method> <!-- checkout_process -->
        <test-method is-config="true" signature="quit()[pri:0, instance:amazon1.Project_1.Testcase11_ValidateEntireCheckout_Address_Payment_order_review@3cd3e762]" started-at="2025-02-02T09:33:29 CET" name="quit" finished-at="2025-02-02T09:33:29 CET" duration-ms="1" status="PASS">
          <reporter-output>
          </reporter-output>
        </test-method> <!-- quit -->
      </class> <!-- amazon1.Project_1.Testcase11_ValidateEntireCheckout_Address_Payment_order_review -->
      <class name="amazon1.Project_1.Testcase3_Login_wrong_username_pwd">
        <test-method is-config="true" signature="launch(java.lang.String)[pri:0, instance:amazon1.Project_1.Testcase3_Login_wrong_username_pwd@6ed3ccb2]" started-at="2025-02-02T09:37:05 CET" name="launch" finished-at="2025-02-02T09:37:07 CET" duration-ms="2375" status="PASS">
          <params>
            <param index="0">
              <value>
                <![CDATA[Chrome]]>
              </value>
            </param>
          </params>
          <reporter-output>
          </reporter-output>
        </test-method> <!-- launch -->
        <test-method signature="Login_wrong_un_pwd()[pri:0, instance:amazon1.Project_1.Testcase3_Login_wrong_username_pwd@6ed3ccb2]" started-at="2025-02-02T09:37:07 CET" name="Login_wrong_un_pwd" finished-at="2025-02-02T09:37:12 CET" duration-ms="4822" status="PASS">
          <reporter-output>
            <line>
              <![CDATA[Testcase passed]]>
            </line>
          </reporter-output>
        </test-method> <!-- Login_wrong_un_pwd -->
        <test-method is-config="true" signature="quit()[pri:0, instance:amazon1.Project_1.Testcase3_Login_wrong_username_pwd@6ed3ccb2]" started-at="2025-02-02T09:37:12 CET" name="quit" finished-at="2025-02-02T09:37:12 CET" duration-ms="0" status="PASS">
          <reporter-output>
          </reporter-output>
        </test-method> <!-- quit -->
      </class> <!-- amazon1.Project_1.Testcase3_Login_wrong_username_pwd -->
      <class name="amazon1.Project_1.Testcase7_ensure_productdetailspage_displays_all_info">
        <test-method is-config="true" signature="launch(java.lang.String)[pri:0, instance:amazon1.Project_1.Testcase7_ensure_productdetailspage_displays_all_info@185a6e9]" started-at="2025-02-02T09:27:55 CET" name="launch" finished-at="2025-02-02T09:27:58 CET" duration-ms="2620" status="PASS">
          <params>
            <param index="0">
              <value>
                <![CDATA[Chrome]]>
              </value>
            </param>
          </params>
          <reporter-output>
          </reporter-output>
        </test-method> <!-- launch -->
        <test-method signature="ensure_productdetails_display()[pri:0, instance:amazon1.Project_1.Testcase7_ensure_productdetailspage_displays_all_info@185a6e9]" started-at="2025-02-02T09:27:58 CET" name="ensure_productdetails_display" finished-at="2025-02-02T09:28:14 CET" duration-ms="16238" status="PASS">
          <reporter-output>
            <line>
              <![CDATA[Testcase passed]]>
            </line>
          </reporter-output>
        </test-method> <!-- ensure_productdetails_display -->
        <test-method is-config="true" signature="quit()[pri:0, instance:amazon1.Project_1.Testcase7_ensure_productdetailspage_displays_all_info@185a6e9]" started-at="2025-02-02T09:28:14 CET" name="quit" finished-at="2025-02-02T09:28:14 CET" duration-ms="0" status="PASS">
          <reporter-output>
          </reporter-output>
        </test-method> <!-- quit -->
      </class> <!-- amazon1.Project_1.Testcase7_ensure_productdetailspage_displays_all_info -->
      <class name="amazon1.Project_1.Testcase8_Check_Productsort_Relevance_price_rating">
        <test-method is-config="true" signature="launch(java.lang.String)[pri:0, instance:amazon1.Project_1.Testcase8_Check_Productsort_Relevance_price_rating@4116aac9]" started-at="2025-02-02T09:34:49 CET" name="launch" finished-at="2025-02-02T09:34:51 CET" duration-ms="2116" status="PASS">
          <params>
            <param index="0">
              <value>
                <![CDATA[Chrome]]>
              </value>
            </param>
          </params>
          <reporter-output>
          </reporter-output>
        </test-method> <!-- launch -->
        <test-method signature="Check_productsort()[pri:0, instance:amazon1.Project_1.Testcase8_Check_Productsort_Relevance_price_rating@4116aac9]" started-at="2025-02-02T09:34:51 CET" name="Check_productsort" finished-at="2025-02-02T09:35:01 CET" duration-ms="10034" status="PASS">
          <reporter-output>
            <line>
              <![CDATA[Testcase passed]]>
            </line>
          </reporter-output>
        </test-method> <!-- Check_productsort -->
        <test-method is-config="true" signature="quit()[pri:0, instance:amazon1.Project_1.Testcase8_Check_Productsort_Relevance_price_rating@4116aac9]" started-at="2025-02-02T09:35:01 CET" name="quit" finished-at="2025-02-02T09:35:01 CET" duration-ms="0" status="PASS">
          <reporter-output>
          </reporter-output>
        </test-method> <!-- quit -->
      </class> <!-- amazon1.Project_1.Testcase8_Check_Productsort_Relevance_price_rating -->
      <class name="amazon1.Project_1.Testcase12_CheckIfUser_SelectPaymentMethod">
        <test-method is-config="true" signature="launch(java.lang.String)[pri:0, instance:amazon1.Project_1.Testcase12_CheckIfUser_SelectPaymentMethod@179ece50]" started-at="2025-02-02T09:28:44 CET" name="launch" finished-at="2025-02-02T09:28:51 CET" duration-ms="6465" status="PASS">
          <params>
            <param index="0">
              <value>
                <![CDATA[Chrome]]>
              </value>
            </param>
          </params>
          <reporter-output>
          </reporter-output>
        </test-method> <!-- launch -->
        <test-method retried="true" signature="checkout_process()[pri:0, instance:amazon1.Project_1.Testcase12_CheckIfUser_SelectPaymentMethod@179ece50]" started-at="2025-02-02T09:28:51 CET" name="checkout_process" finished-at="2025-02-02T09:29:51 CET" duration-ms="60188" status="SKIP">
          <exception class="java.lang.NullPointerException">
            <message>
              <![CDATA[Cannot invoke "org.openqa.selenium.WebDriver.getClass()" because "exceptionDriver" is null]]>
            </message>
            <full-stacktrace>
              <![CDATA[java.lang.NullPointerException: Cannot invoke "org.openqa.selenium.WebDriver.getClass()" because "exceptionDriver" is null
at org.openqa.selenium.support.ui.WebDriverWait.timeoutException(WebDriverWait.java:85)
at org.openqa.selenium.support.ui.FluentWait.until(FluentWait.java:228)
at amazon1.Project_1.Checkoutpage.Emi_available_radio(Checkoutpage.java:139)
at amazon1.Project_1.Testcase12_CheckIfUser_SelectPaymentMethod.checkout_process(Testcase12_CheckIfUser_SelectPaymentMethod.java:37)
at java.base/jdk.internal.reflect.DirectMethodHandleAccessor.invoke(DirectMethodHandleAccessor.java:103)
at java.base/java.lang.reflect.Method.invoke(Method.java:580)
at org.testng.internal.invokers.MethodInvocationHelper.invokeMethod(MethodInvocationHelper.java:141)
at org.testng.internal.invokers.TestInvoker.invokeMethod(TestInvoker.java:686)
at org.testng.internal.invokers.TestInvoker.invokeTestMethod(TestInvoker.java:230)
at org.testng.internal.invokers.MethodRunner.runInSequence(MethodRunner.java:63)
at org.testng.internal.invokers.TestInvoker$MethodInvocationAgent.invoke(TestInvoker.java:992)
at org.testng.internal.invokers.TestInvoker.invokeTestMethods(TestInvoker.java:203)
at org.testng.internal.invokers.TestMethodWorker.invokeTestMethods(TestMethodWorker.java:154)
at org.testng.internal.invokers.TestMethodWorker.run(TestMethodWorker.java:134)
at java.base/java.util.ArrayList.forEach(ArrayList.java:1597)
at org.testng.TestRunner.privateRun(TestRunner.java:739)
at org.testng.TestRunner.run(TestRunner.java:614)
at org.testng.SuiteRunner.runTest(SuiteRunner.java:421)
at org.testng.SuiteRunner$SuiteWorker.run(SuiteRunner.java:463)
at org.testng.internal.thread.ThreadUtil.lambda$execute$0(ThreadUtil.java:64)
at java.base/java.util.concurrent.FutureTask.run(FutureTask.java:317)
at java.base/java.util.concurrent.ThreadPoolExecutor.runWorker(ThreadPoolExecutor.java:1144)
at java.base/java.util.concurrent.ThreadPoolExecutor$Worker.run(ThreadPoolExecutor.java:642)
at java.base/java.lang.Thread.run(Thread.java:1575)
]]>
            </full-stacktrace>
          </exception> <!-- java.lang.NullPointerException -->
          <reporter-output>
          </reporter-output>
        </test-method> <!-- checkout_process -->
        <test-method is-config="true" signature="launch(java.lang.String)[pri:0, instance:amazon1.Project_1.Testcase12_CheckIfUser_SelectPaymentMethod@179ece50]" started-at="2025-02-02T09:29:51 CET" name="launch" finished-at="2025-02-02T09:29:57 CET" duration-ms="6060" status="PASS">
          <params>
            <param index="0">
              <value>
                <![CDATA[Chrome]]>
              </value>
            </param>
          </params>
          <reporter-output>
          </reporter-output>
        </test-method> <!-- launch -->
        <test-method is-config="true" signature="quit()[pri:0, instance:amazon1.Project_1.Testcase12_CheckIfUser_SelectPaymentMethod@179ece50]" started-at="2025-02-02T09:29:51 CET" name="quit" finished-at="2025-02-02T09:29:51 CET" duration-ms="0" status="PASS">
          <reporter-output>
          </reporter-output>
        </test-method> <!-- quit -->
        <test-method signature="checkout_process()[pri:0, instance:amazon1.Project_1.Testcase12_CheckIfUser_SelectPaymentMethod@179ece50]" started-at="2025-02-02T09:29:57 CET" name="checkout_process" finished-at="2025-02-02T09:32:44 CET" duration-ms="166891" status="FAIL">
          <exception class="java.lang.NullPointerException">
            <message>
              <![CDATA[Cannot invoke "org.openqa.selenium.WebDriver.getClass()" because "exceptionDriver" is null]]>
            </message>
            <full-stacktrace>
              <![CDATA[java.lang.NullPointerException: Cannot invoke "org.openqa.selenium.WebDriver.getClass()" because "exceptionDriver" is null
at org.openqa.selenium.support.ui.WebDriverWait.timeoutException(WebDriverWait.java:85)
at org.openqa.selenium.support.ui.FluentWait.until(FluentWait.java:228)
at amazon1.Project_1.Checkoutpage.Emi_available_radio(Checkoutpage.java:139)
at amazon1.Project_1.Testcase12_CheckIfUser_SelectPaymentMethod.checkout_process(Testcase12_CheckIfUser_SelectPaymentMethod.java:37)
at java.base/jdk.internal.reflect.DirectMethodHandleAccessor.invoke(DirectMethodHandleAccessor.java:103)
at java.base/java.lang.reflect.Method.invoke(Method.java:580)
at org.testng.internal.invokers.MethodInvocationHelper.invokeMethod(MethodInvocationHelper.java:141)
at org.testng.internal.invokers.TestInvoker.invokeMethod(TestInvoker.java:686)
at org.testng.internal.invokers.TestInvoker.retryFailed(TestInvoker.java:269)
at org.testng.internal.invokers.MethodRunner.runInSequence(MethodRunner.java:76)
at org.testng.internal.invokers.TestInvoker$MethodInvocationAgent.invoke(TestInvoker.java:992)
at org.testng.internal.invokers.TestInvoker.invokeTestMethods(TestInvoker.java:203)
at org.testng.internal.invokers.TestMethodWorker.invokeTestMethods(TestMethodWorker.java:154)
at org.testng.internal.invokers.TestMethodWorker.run(TestMethodWorker.java:134)
at java.base/java.util.ArrayList.forEach(ArrayList.java:1597)
at org.testng.TestRunner.privateRun(TestRunner.java:739)
at org.testng.TestRunner.run(TestRunner.java:614)
at org.testng.SuiteRunner.runTest(SuiteRunner.java:421)
at org.testng.SuiteRunner$SuiteWorker.run(SuiteRunner.java:463)
at org.testng.internal.thread.ThreadUtil.lambda$execute$0(ThreadUtil.java:64)
at java.base/java.util.concurrent.FutureTask.run(FutureTask.java:317)
at java.base/java.util.concurrent.ThreadPoolExecutor.runWorker(ThreadPoolExecutor.java:1144)
at java.base/java.util.concurrent.ThreadPoolExecutor$Worker.run(ThreadPoolExecutor.java:642)
at java.base/java.lang.Thread.run(Thread.java:1575)
]]>
            </full-stacktrace>
          </exception> <!-- java.lang.NullPointerException -->
          <reporter-output>
            <line>
              <![CDATA[Testcase failed]]>
            </line>
          </reporter-output>
        </test-method> <!-- checkout_process -->
        <test-method is-config="true" signature="quit()[pri:0, instance:amazon1.Project_1.Testcase12_CheckIfUser_SelectPaymentMethod@179ece50]" started-at="2025-02-02T09:32:44 CET" name="quit" finished-at="2025-02-02T09:32:44 CET" duration-ms="0" status="PASS">
          <reporter-output>
          </reporter-output>
        </test-method> <!-- quit -->
      </class> <!-- amazon1.Project_1.Testcase12_CheckIfUser_SelectPaymentMethod -->
      <class name="amazon1.Project_1.Testcase1_Newuser_successfully_register">
        <test-method is-config="true" signature="launch(java.lang.String)[pri:0, instance:amazon1.Project_1.Testcase1_Newuser_successfully_register@9d5509a]" started-at="2025-02-02T09:28:34 CET" name="launch" finished-at="2025-02-02T09:28:38 CET" duration-ms="4531" status="PASS">
          <params>
            <param index="0">
              <value>
                <![CDATA[Chrome]]>
              </value>
            </param>
          </params>
          <reporter-output>
          </reporter-output>
        </test-method> <!-- launch -->
        <test-method signature="NewUser_registration()[pri:0, instance:amazon1.Project_1.Testcase1_Newuser_successfully_register@9d5509a]" started-at="2025-02-02T09:28:38 CET" name="NewUser_registration" finished-at="2025-02-02T09:28:44 CET" duration-ms="6307" status="PASS">
          <reporter-output>
            <line>
              <![CDATA[Testcase passed]]>
            </line>
          </reporter-output>
        </test-method> <!-- NewUser_registration -->
        <test-method is-config="true" signature="quit()[pri:0, instance:amazon1.Project_1.Testcase1_Newuser_successfully_register@9d5509a]" started-at="2025-02-02T09:28:44 CET" name="quit" finished-at="2025-02-02T09:28:44 CET" duration-ms="1" status="PASS">
          <reporter-output>
          </reporter-output>
        </test-method> <!-- quit -->
      </class> <!-- amazon1.Project_1.Testcase1_Newuser_successfully_register -->
      <class name="amazon1.Project_1.Testcase6_Verify_search_using_filters">
        <test-method is-config="true" signature="launch(java.lang.String)[pri:0, instance:amazon1.Project_1.Testcase6_Verify_search_using_filters@6f03482]" started-at="2025-02-02T09:28:14 CET" name="launch" finished-at="2025-02-02T09:28:18 CET" duration-ms="4424" status="PASS">
          <params>
            <param index="0">
              <value>
                <![CDATA[Chrome]]>
              </value>
            </param>
          </params>
          <reporter-output>
          </reporter-output>
        </test-method> <!-- launch -->
        <test-method signature="search_product_apply_filters()[pri:0, instance:amazon1.Project_1.Testcase6_Verify_search_using_filters@6f03482]" started-at="2025-02-02T09:28:18 CET" name="search_product_apply_filters" finished-at="2025-02-02T09:28:34 CET" duration-ms="15346" status="PASS">
          <reporter-output>
            <line>
              <![CDATA[Testcase passed]]>
            </line>
          </reporter-output>
        </test-method> <!-- search_product_apply_filters -->
        <test-method is-config="true" signature="quit()[pri:0, instance:amazon1.Project_1.Testcase6_Verify_search_using_filters@6f03482]" started-at="2025-02-02T09:28:34 CET" name="quit" finished-at="2025-02-02T09:28:34 CET" duration-ms="0" status="PASS">
          <reporter-output>
          </reporter-output>
        </test-method> <!-- quit -->
      </class> <!-- amazon1.Project_1.Testcase6_Verify_search_using_filters -->
      <class name="amazon1.Project_1.Testcase9_Verify_items_addToshoppingcart_from_productpage">
        <test-method is-config="true" signature="launch(java.lang.String)[pri:0, instance:amazon1.Project_1.Testcase9_Verify_items_addToshoppingcart_from_productpage@1fa121e2]" started-at="2025-02-02T09:33:29 CET" name="launch" finished-at="2025-02-02T09:33:33 CET" duration-ms="4362" status="PASS">
          <params>
            <param index="0">
              <value>
                <![CDATA[Chrome]]>
              </value>
            </param>
          </params>
          <reporter-output>
          </reporter-output>
        </test-method> <!-- launch -->
        <test-method signature="Verify_item_addtoshoppingcart()[pri:0, instance:amazon1.Project_1.Testcase9_Verify_items_addToshoppingcart_from_productpage@1fa121e2]" started-at="2025-02-02T09:33:33 CET" name="Verify_item_addtoshoppingcart" finished-at="2025-02-02T09:33:48 CET" duration-ms="14644" status="PASS">
          <reporter-output>
            <line>
              <![CDATA[Testcase passed]]>
            </line>
          </reporter-output>
        </test-method> <!-- Verify_item_addtoshoppingcart -->
        <test-method is-config="true" signature="quit()[pri:0, instance:amazon1.Project_1.Testcase9_Verify_items_addToshoppingcart_from_productpage@1fa121e2]" started-at="2025-02-02T09:33:48 CET" name="quit" finished-at="2025-02-02T09:33:48 CET" duration-ms="0" status="PASS">
          <reporter-output>
          </reporter-output>
        </test-method> <!-- quit -->
      </class> <!-- amazon1.Project_1.Testcase9_Verify_items_addToshoppingcart_from_productpage -->
      <class name="amazon1.Project_1.Testcase4_User_Successfully_edit_profile_info">
        <test-method is-config="true" signature="launch(java.lang.String)[pri:0, instance:amazon1.Project_1.Testcase4_User_Successfully_edit_profile_info@1e800aaa]" started-at="2025-02-02T09:27:41 CET" name="launch" finished-at="2025-02-02T09:27:46 CET" duration-ms="5278" status="PASS">
          <params>
            <param index="0">
              <value>
                <![CDATA[Chrome]]>
              </value>
            </param>
          </params>
          <reporter-output>
          </reporter-output>
        </test-method> <!-- launch -->
        <test-method signature="user_can_edit_profile_info()[pri:0, instance:amazon1.Project_1.Testcase4_User_Successfully_edit_profile_info@1e800aaa]" started-at="2025-02-02T09:27:46 CET" name="user_can_edit_profile_info" finished-at="2025-02-02T09:27:55 CET" duration-ms="8575" status="PASS">
          <reporter-output>
            <line>
              <![CDATA[Testcase passed]]>
            </line>
          </reporter-output>
        </test-method> <!-- user_can_edit_profile_info -->
        <test-method is-config="true" signature="quit()[pri:0, instance:amazon1.Project_1.Testcase4_User_Successfully_edit_profile_info@1e800aaa]" started-at="2025-02-02T09:27:55 CET" name="quit" finished-at="2025-02-02T09:27:55 CET" duration-ms="0" status="PASS">
          <reporter-output>
          </reporter-output>
        </test-method> <!-- quit -->
      </class> <!-- amazon1.Project_1.Testcase4_User_Successfully_edit_profile_info -->
      <class name="amazon1.Project_1.Testcase5_searchProduct_likeshoe">
        <test-method is-config="true" signature="launch(java.lang.String)[pri:0, instance:amazon1.Project_1.Testcase5_searchProduct_likeshoe@3b0090a4]" started-at="2025-02-02T09:32:44 CET" name="launch" finished-at="2025-02-02T09:32:49 CET" duration-ms="4477" status="PASS">
          <params>
            <param index="0">
              <value>
                <![CDATA[Chrome]]>
              </value>
            </param>
          </params>
          <reporter-output>
          </reporter-output>
        </test-method> <!-- launch -->
        <test-method signature="signin_search_shoes()[pri:0, instance:amazon1.Project_1.Testcase5_searchProduct_likeshoe@3b0090a4]" started-at="2025-02-02T09:32:49 CET" name="signin_search_shoes" finished-at="2025-02-02T09:33:01 CET" duration-ms="12074" status="PASS">
          <reporter-output>
            <line>
              <![CDATA[Testcase passed]]>
            </line>
          </reporter-output>
        </test-method> <!-- signin_search_shoes -->
        <test-method is-config="true" signature="quit()[pri:0, instance:amazon1.Project_1.Testcase5_searchProduct_likeshoe@3b0090a4]" started-at="2025-02-02T09:33:01 CET" name="quit" finished-at="2025-02-02T09:33:01 CET" duration-ms="1" status="PASS">
          <reporter-output>
          </reporter-output>
        </test-method> <!-- quit -->
      </class> <!-- amazon1.Project_1.Testcase5_searchProduct_likeshoe -->
    </test> <!-- Testing chrome -->
    <test started-at="2025-02-02T09:27:41 CET" name="Testing Edge" finished-at="2025-02-02T09:37:26 CET" duration-ms="585275">
      <class name="amazon1.Project_1.Testcase15_Reach_till_cartpage_withoutlogin">
        <test-method is-config="true" signature="launch(java.lang.String)[pri:0, instance:amazon1.Project_1.Testcase15_Reach_till_cartpage_withoutlogin@5e0e82ae]" started-at="2025-02-02T09:35:56 CET" name="launch" finished-at="2025-02-02T09:36:14 CET" duration-ms="18196" status="PASS">
          <params>
            <param index="0">
              <value>
                <![CDATA[Edge]]>
              </value>
            </param>
          </params>
          <reporter-output>
          </reporter-output>
        </test-method> <!-- launch -->
        <test-method signature="Reach_till_cart_withoutLogin()[pri:0, instance:amazon1.Project_1.Testcase15_Reach_till_cartpage_withoutlogin@5e0e82ae]" started-at="2025-02-02T09:36:14 CET" name="Reach_till_cart_withoutLogin" finished-at="2025-02-02T09:37:06 CET" duration-ms="51950" status="PASS">
          <reporter-output>
            <line>
              <![CDATA[Testcase passed]]>
            </line>
          </reporter-output>
        </test-method> <!-- Reach_till_cart_withoutLogin -->
        <test-method is-config="true" signature="quit()[pri:0, instance:amazon1.Project_1.Testcase15_Reach_till_cartpage_withoutlogin@5e0e82ae]" started-at="2025-02-02T09:37:06 CET" name="quit" finished-at="2025-02-02T09:37:06 CET" duration-ms="0" status="PASS">
          <reporter-output>
          </reporter-output>
        </test-method> <!-- quit -->
      </class> <!-- amazon1.Project_1.Testcase15_Reach_till_cartpage_withoutlogin -->
      <class name="amazon1.Project_1.Testcase10_UpdateItemsQuantities_remove_item_from_cart">
        <test-method is-config="true" signature="launch(java.lang.String)[pri:0, instance:amazon1.Project_1.Testcase10_UpdateItemsQuantities_remove_item_from_cart@618b19ad]" started-at="2025-02-02T09:33:50 CET" name="launch" finished-at="2025-02-02T09:33:57 CET" duration-ms="7220" status="PASS">
          <params>
            <param index="0">
              <value>
                <![CDATA[Edge]]>
              </value>
            </param>
          </params>
          <reporter-output>
          </reporter-output>
        </test-method> <!-- launch -->
        <test-method signature="updateaddedItemsQuantity_remove_from_cart()[pri:0, instance:amazon1.Project_1.Testcase10_UpdateItemsQuantities_remove_item_from_cart@618b19ad]" started-at="2025-02-02T09:33:57 CET" name="updateaddedItemsQuantity_remove_from_cart" finished-at="2025-02-02T09:34:51 CET" duration-ms="53871" status="PASS">
          <reporter-output>
            <line>
              <![CDATA[Testcase passed]]>
            </line>
          </reporter-output>
        </test-method> <!-- updateaddedItemsQuantity_remove_from_cart -->
        <test-method is-config="true" signature="quit()[pri:0, instance:amazon1.Project_1.Testcase10_UpdateItemsQuantities_remove_item_from_cart@618b19ad]" started-at="2025-02-02T09:34:51 CET" name="quit" finished-at="2025-02-02T09:34:51 CET" duration-ms="0" status="PASS">
          <reporter-output>
          </reporter-output>
        </test-method> <!-- quit -->
      </class> <!-- amazon1.Project_1.Testcase10_UpdateItemsQuantities_remove_item_from_cart -->
      <class name="amazon1.Project_1.Testcase2_Login_verify_correctUn_Pwd">
        <test-method is-config="true" signature="launch(java.lang.String)[pri:0, instance:amazon1.Project_1.Testcase2_Login_verify_correctUn_Pwd@30c15d8b]" started-at="2025-02-02T09:35:29 CET" name="launch" finished-at="2025-02-02T09:35:54 CET" duration-ms="25256" status="PASS">
          <params>
            <param index="0">
              <value>
                <![CDATA[Edge]]>
              </value>
            </param>
          </params>
          <reporter-output>
          </reporter-output>
        </test-method> <!-- launch -->
        <test-method signature="Login_verify()[pri:0, instance:amazon1.Project_1.Testcase2_Login_verify_correctUn_Pwd@30c15d8b]" started-at="2025-02-02T09:35:54 CET" name="Login_verify" finished-at="2025-02-02T09:35:56 CET" duration-ms="1854" status="PASS">
          <reporter-output>
            <line>
              <![CDATA[Testcase passed]]>
            </line>
          </reporter-output>
        </test-method> <!-- Login_verify -->
        <test-method is-config="true" signature="quit()[pri:0, instance:amazon1.Project_1.Testcase2_Login_verify_correctUn_Pwd@30c15d8b]" started-at="2025-02-02T09:35:56 CET" name="quit" finished-at="2025-02-02T09:35:56 CET" duration-ms="0" status="PASS">
          <reporter-output>
          </reporter-output>
        </test-method> <!-- quit -->
      </class> <!-- amazon1.Project_1.Testcase2_Login_verify_correctUn_Pwd -->
      <class name="amazon1.Project_1.Testcase14_Goto_Orderpage_give_fivestarrating_onlastorder">
        <test-method is-config="true" signature="launch(java.lang.String)[pri:0, instance:amazon1.Project_1.Testcase14_Goto_Orderpage_give_fivestarrating_onlastorder@6771beb3]" started-at="2025-02-02T09:37:06 CET" name="launch" finished-at="2025-02-02T09:37:13 CET" duration-ms="6890" status="PASS">
          <params>
            <param index="0">
              <value>
                <![CDATA[Edge]]>
              </value>
            </param>
          </params>
          <reporter-output>
          </reporter-output>
        </test-method> <!-- launch -->
        <test-method signature="give_ratings_on_previous_orders()[pri:0, instance:amazon1.Project_1.Testcase14_Goto_Orderpage_give_fivestarrating_onlastorder@6771beb3]" started-at="2025-02-02T09:37:13 CET" name="give_ratings_on_previous_orders" finished-at="2025-02-02T09:37:20 CET" duration-ms="6626" status="PASS">
          <reporter-output>
            <line>
              <![CDATA[Testcase passed]]>
            </line>
          </reporter-output>
        </test-method> <!-- give_ratings_on_previous_orders -->
        <test-method is-config="true" signature="quit()[pri:0, instance:amazon1.Project_1.Testcase14_Goto_Orderpage_give_fivestarrating_onlastorder@6771beb3]" started-at="2025-02-02T09:37:20 CET" name="quit" finished-at="2025-02-02T09:37:20 CET" duration-ms="0" status="PASS">
          <reporter-output>
          </reporter-output>
        </test-method> <!-- quit -->
      </class> <!-- amazon1.Project_1.Testcase14_Goto_Orderpage_give_fivestarrating_onlastorder -->
      <class name="amazon1.Project_1.Testcase11_ValidateEntireCheckout_Address_Payment_order_review">
        <test-method is-config="true" signature="launch(java.lang.String)[pri:0, instance:amazon1.Project_1.Testcase11_ValidateEntireCheckout_Address_Payment_order_review@765d7657]" started-at="2025-02-02T09:32:46 CET" name="launch" finished-at="2025-02-02T09:32:53 CET" duration-ms="7011" status="PASS">
          <params>
            <param index="0">
              <value>
                <![CDATA[Edge]]>
              </value>
            </param>
          </params>
          <reporter-output>
          </reporter-output>
        </test-method> <!-- launch -->
        <test-method signature="checkout_process()[pri:0, instance:amazon1.Project_1.Testcase11_ValidateEntireCheckout_Address_Payment_order_review@765d7657]" started-at="2025-02-02T09:32:53 CET" name="checkout_process" finished-at="2025-02-02T09:33:24 CET" duration-ms="31209" status="PASS">
          <reporter-output>
            <line>
              <![CDATA[Testcase passed]]>
            </line>
          </reporter-output>
        </test-method> <!-- checkout_process -->
        <test-method is-config="true" signature="quit()[pri:0, instance:amazon1.Project_1.Testcase11_ValidateEntireCheckout_Address_Payment_order_review@765d7657]" started-at="2025-02-02T09:33:24 CET" name="quit" finished-at="2025-02-02T09:33:24 CET" duration-ms="0" status="PASS">
          <reporter-output>
          </reporter-output>
        </test-method> <!-- quit -->
      </class> <!-- amazon1.Project_1.Testcase11_ValidateEntireCheckout_Address_Payment_order_review -->
      <class name="amazon1.Project_1.Testcase3_Login_wrong_username_pwd">
        <test-method is-config="true" signature="launch(java.lang.String)[pri:0, instance:amazon1.Project_1.Testcase3_Login_wrong_username_pwd@51399530]" started-at="2025-02-02T09:37:20 CET" name="launch" finished-at="2025-02-02T09:37:25 CET" duration-ms="5482" status="PASS">
          <params>
            <param index="0">
              <value>
                <![CDATA[Edge]]>
              </value>
            </param>
          </params>
          <reporter-output>
          </reporter-output>
        </test-method> <!-- launch -->
        <test-method signature="Login_wrong_un_pwd()[pri:0, instance:amazon1.Project_1.Testcase3_Login_wrong_username_pwd@51399530]" started-at="2025-02-02T09:37:25 CET" name="Login_wrong_un_pwd" finished-at="2025-02-02T09:37:26 CET" duration-ms="1371" status="PASS">
          <reporter-output>
            <line>
              <![CDATA[Testcase passed]]>
            </line>
          </reporter-output>
        </test-method> <!-- Login_wrong_un_pwd -->
        <test-method is-config="true" signature="quit()[pri:0, instance:amazon1.Project_1.Testcase3_Login_wrong_username_pwd@51399530]" started-at="2025-02-02T09:37:26 CET" name="quit" finished-at="2025-02-02T09:37:26 CET" duration-ms="0" status="PASS">
          <reporter-output>
          </reporter-output>
        </test-method> <!-- quit -->
      </class> <!-- amazon1.Project_1.Testcase3_Login_wrong_username_pwd -->
      <class name="amazon1.Project_1.Testcase7_ensure_productdetailspage_displays_all_info">
        <test-method is-config="true" signature="launch(java.lang.String)[pri:0, instance:amazon1.Project_1.Testcase7_ensure_productdetailspage_displays_all_info@33d512c1]" started-at="2025-02-02T09:27:55 CET" name="launch" finished-at="2025-02-02T09:28:02 CET" duration-ms="6481" status="PASS">
          <params>
            <param index="0">
              <value>
                <![CDATA[Edge]]>
              </value>
            </param>
          </params>
          <reporter-output>
          </reporter-output>
        </test-method> <!-- launch -->
        <test-method signature="ensure_productdetails_display()[pri:0, instance:amazon1.Project_1.Testcase7_ensure_productdetailspage_displays_all_info@33d512c1]" started-at="2025-02-02T09:28:02 CET" name="ensure_productdetails_display" finished-at="2025-02-02T09:28:15 CET" duration-ms="12983" status="PASS">
          <reporter-output>
            <line>
              <![CDATA[Testcase passed]]>
            </line>
          </reporter-output>
        </test-method> <!-- ensure_productdetails_display -->
        <test-method is-config="true" signature="quit()[pri:0, instance:amazon1.Project_1.Testcase7_ensure_productdetailspage_displays_all_info@33d512c1]" started-at="2025-02-02T09:28:15 CET" name="quit" finished-at="2025-02-02T09:28:15 CET" duration-ms="0" status="PASS">
          <reporter-output>
          </reporter-output>
        </test-method> <!-- quit -->
      </class> <!-- amazon1.Project_1.Testcase7_ensure_productdetailspage_displays_all_info -->
      <class name="amazon1.Project_1.Testcase8_Check_Productsort_Relevance_price_rating">
        <test-method is-config="true" signature="launch(java.lang.String)[pri:0, instance:amazon1.Project_1.Testcase8_Check_Productsort_Relevance_price_rating@2d3379b4]" started-at="2025-02-02T09:34:51 CET" name="launch" finished-at="2025-02-02T09:35:02 CET" duration-ms="11076" status="PASS">
          <params>
            <param index="0">
              <value>
                <![CDATA[Edge]]>
              </value>
            </param>
          </params>
          <reporter-output>
          </reporter-output>
        </test-method> <!-- launch -->
        <test-method signature="Check_productsort()[pri:0, instance:amazon1.Project_1.Testcase8_Check_Productsort_Relevance_price_rating@2d3379b4]" started-at="2025-02-02T09:35:02 CET" name="Check_productsort" finished-at="2025-02-02T09:35:29 CET" duration-ms="26912" status="PASS">
          <reporter-output>
            <line>
              <![CDATA[Testcase passed]]>
            </line>
          </reporter-output>
        </test-method> <!-- Check_productsort -->
        <test-method is-config="true" signature="quit()[pri:0, instance:amazon1.Project_1.Testcase8_Check_Productsort_Relevance_price_rating@2d3379b4]" started-at="2025-02-02T09:35:29 CET" name="quit" finished-at="2025-02-02T09:35:29 CET" duration-ms="2" status="PASS">
          <reporter-output>
          </reporter-output>
        </test-method> <!-- quit -->
      </class> <!-- amazon1.Project_1.Testcase8_Check_Productsort_Relevance_price_rating -->
      <class name="amazon1.Project_1.Testcase12_CheckIfUser_SelectPaymentMethod">
        <test-method is-config="true" signature="launch(java.lang.String)[pri:0, instance:amazon1.Project_1.Testcase12_CheckIfUser_SelectPaymentMethod@5fe94a96]" started-at="2025-02-02T09:29:03 CET" name="launch" finished-at="2025-02-02T09:29:13 CET" duration-ms="9472" status="PASS">
          <params>
            <param index="0">
              <value>
                <![CDATA[Edge]]>
              </value>
            </param>
          </params>
          <reporter-output>
          </reporter-output>
        </test-method> <!-- launch -->
        <test-method retried="true" signature="checkout_process()[pri:0, instance:amazon1.Project_1.Testcase12_CheckIfUser_SelectPaymentMethod@5fe94a96]" started-at="2025-02-02T09:29:13 CET" name="checkout_process" finished-at="2025-02-02T09:30:03 CET" duration-ms="50003" status="SKIP">
          <exception class="java.lang.NullPointerException">
            <message>
              <![CDATA[Cannot invoke "org.openqa.selenium.WebDriver.getClass()" because "exceptionDriver" is null]]>
            </message>
            <full-stacktrace>
              <![CDATA[java.lang.NullPointerException: Cannot invoke "org.openqa.selenium.WebDriver.getClass()" because "exceptionDriver" is null
at org.openqa.selenium.support.ui.WebDriverWait.timeoutException(WebDriverWait.java:85)
at org.openqa.selenium.support.ui.FluentWait.until(FluentWait.java:228)
at amazon1.Project_1.Checkoutpage.Emi_available_radio(Checkoutpage.java:139)
at amazon1.Project_1.Testcase12_CheckIfUser_SelectPaymentMethod.checkout_process(Testcase12_CheckIfUser_SelectPaymentMethod.java:37)
at java.base/jdk.internal.reflect.DirectMethodHandleAccessor.invoke(DirectMethodHandleAccessor.java:103)
at java.base/java.lang.reflect.Method.invoke(Method.java:580)
at org.testng.internal.invokers.MethodInvocationHelper.invokeMethod(MethodInvocationHelper.java:141)
at org.testng.internal.invokers.TestInvoker.invokeMethod(TestInvoker.java:686)
at org.testng.internal.invokers.TestInvoker.invokeTestMethod(TestInvoker.java:230)
at org.testng.internal.invokers.MethodRunner.runInSequence(MethodRunner.java:63)
at org.testng.internal.invokers.TestInvoker$MethodInvocationAgent.invoke(TestInvoker.java:992)
at org.testng.internal.invokers.TestInvoker.invokeTestMethods(TestInvoker.java:203)
at org.testng.internal.invokers.TestMethodWorker.invokeTestMethods(TestMethodWorker.java:154)
at org.testng.internal.invokers.TestMethodWorker.run(TestMethodWorker.java:134)
at java.base/java.util.ArrayList.forEach(ArrayList.java:1597)
at org.testng.TestRunner.privateRun(TestRunner.java:739)
at org.testng.TestRunner.run(TestRunner.java:614)
at org.testng.SuiteRunner.runTest(SuiteRunner.java:421)
at org.testng.SuiteRunner$SuiteWorker.run(SuiteRunner.java:463)
at org.testng.internal.thread.ThreadUtil.lambda$execute$0(ThreadUtil.java:64)
at java.base/java.util.concurrent.FutureTask.run(FutureTask.java:317)
at java.base/java.util.concurrent.ThreadPoolExecutor.runWorker(ThreadPoolExecutor.java:1144)
at java.base/java.util.concurrent.ThreadPoolExecutor$Worker.run(ThreadPoolExecutor.java:642)
at java.base/java.lang.Thread.run(Thread.java:1575)
]]>
            </full-stacktrace>
          </exception> <!-- java.lang.NullPointerException -->
          <reporter-output>
          </reporter-output>
        </test-method> <!-- checkout_process -->
        <test-method is-config="true" signature="quit()[pri:0, instance:amazon1.Project_1.Testcase12_CheckIfUser_SelectPaymentMethod@5fe94a96]" started-at="2025-02-02T09:30:03 CET" name="quit" finished-at="2025-02-02T09:30:03 CET" duration-ms="1" status="PASS">
          <reporter-output>
          </reporter-output>
        </test-method> <!-- quit -->
        <test-method is-config="true" signature="launch(java.lang.String)[pri:0, instance:amazon1.Project_1.Testcase12_CheckIfUser_SelectPaymentMethod@5fe94a96]" started-at="2025-02-02T09:30:03 CET" name="launch" finished-at="2025-02-02T09:30:14 CET" duration-ms="11444" status="PASS">
          <params>
            <param index="0">
              <value>
                <![CDATA[Edge]]>
              </value>
            </param>
          </params>
          <reporter-output>
          </reporter-output>
        </test-method> <!-- launch -->
        <test-method signature="checkout_process()[pri:0, instance:amazon1.Project_1.Testcase12_CheckIfUser_SelectPaymentMethod@5fe94a96]" started-at="2025-02-02T09:30:14 CET" name="checkout_process" finished-at="2025-02-02T09:32:31 CET" duration-ms="136674" status="FAIL">
          <exception class="java.lang.NullPointerException">
            <message>
              <![CDATA[Cannot invoke "org.openqa.selenium.WebDriver.getClass()" because "exceptionDriver" is null]]>
            </message>
            <full-stacktrace>
              <![CDATA[java.lang.NullPointerException: Cannot invoke "org.openqa.selenium.WebDriver.getClass()" because "exceptionDriver" is null
at org.openqa.selenium.support.ui.WebDriverWait.timeoutException(WebDriverWait.java:85)
at org.openqa.selenium.support.ui.FluentWait.until(FluentWait.java:228)
at amazon1.Project_1.Checkoutpage.Emi_available_radio(Checkoutpage.java:139)
at amazon1.Project_1.Testcase12_CheckIfUser_SelectPaymentMethod.checkout_process(Testcase12_CheckIfUser_SelectPaymentMethod.java:37)
at java.base/jdk.internal.reflect.DirectMethodHandleAccessor.invoke(DirectMethodHandleAccessor.java:103)
at java.base/java.lang.reflect.Method.invoke(Method.java:580)
at org.testng.internal.invokers.MethodInvocationHelper.invokeMethod(MethodInvocationHelper.java:141)
at org.testng.internal.invokers.TestInvoker.invokeMethod(TestInvoker.java:686)
at org.testng.internal.invokers.TestInvoker.retryFailed(TestInvoker.java:269)
at org.testng.internal.invokers.MethodRunner.runInSequence(MethodRunner.java:76)
at org.testng.internal.invokers.TestInvoker$MethodInvocationAgent.invoke(TestInvoker.java:992)
at org.testng.internal.invokers.TestInvoker.invokeTestMethods(TestInvoker.java:203)
at org.testng.internal.invokers.TestMethodWorker.invokeTestMethods(TestMethodWorker.java:154)
at org.testng.internal.invokers.TestMethodWorker.run(TestMethodWorker.java:134)
at java.base/java.util.ArrayList.forEach(ArrayList.java:1597)
at org.testng.TestRunner.privateRun(TestRunner.java:739)
at org.testng.TestRunner.run(TestRunner.java:614)
at org.testng.SuiteRunner.runTest(SuiteRunner.java:421)
at org.testng.SuiteRunner$SuiteWorker.run(SuiteRunner.java:463)
at org.testng.internal.thread.ThreadUtil.lambda$execute$0(ThreadUtil.java:64)
at java.base/java.util.concurrent.FutureTask.run(FutureTask.java:317)
at java.base/java.util.concurrent.ThreadPoolExecutor.runWorker(ThreadPoolExecutor.java:1144)
at java.base/java.util.concurrent.ThreadPoolExecutor$Worker.run(ThreadPoolExecutor.java:642)
at java.base/java.lang.Thread.run(Thread.java:1575)
]]>
            </full-stacktrace>
          </exception> <!-- java.lang.NullPointerException -->
          <reporter-output>
            <line>
              <![CDATA[Testcase failed]]>
            </line>
          </reporter-output>
        </test-method> <!-- checkout_process -->
        <test-method is-config="true" signature="quit()[pri:0, instance:amazon1.Project_1.Testcase12_CheckIfUser_SelectPaymentMethod@5fe94a96]" started-at="2025-02-02T09:32:31 CET" name="quit" finished-at="2025-02-02T09:32:31 CET" duration-ms="0" status="PASS">
          <reporter-output>
          </reporter-output>
        </test-method> <!-- quit -->
      </class> <!-- amazon1.Project_1.Testcase12_CheckIfUser_SelectPaymentMethod -->
      <class name="amazon1.Project_1.Testcase1_Newuser_successfully_register">
        <test-method is-config="true" signature="launch(java.lang.String)[pri:0, instance:amazon1.Project_1.Testcase1_Newuser_successfully_register@639c2c1d]" started-at="2025-02-02T09:28:35 CET" name="launch" finished-at="2025-02-02T09:28:43 CET" duration-ms="7817" status="PASS">
          <params>
            <param index="0">
              <value>
                <![CDATA[Edge]]>
              </value>
            </param>
          </params>
          <reporter-output>
          </reporter-output>
        </test-method> <!-- launch -->
        <test-method retried="true" signature="NewUser_registration()[pri:0, instance:amazon1.Project_1.Testcase1_Newuser_successfully_register@639c2c1d]" started-at="2025-02-02T09:28:43 CET" name="NewUser_registration" finished-at="2025-02-02T09:28:47 CET" duration-ms="3982" status="SKIP">
          <exception class="org.openqa.selenium.NoSuchElementException">
            <message>
              <![CDATA[no such element: Unable to locate element: {"method":"xpath","selector":"//input[@id='continue']"}
  (Session info: MicrosoftEdge=132.0.2957.127)
For documentation on this error, please visit: https://www.selenium.dev/documentation/webdriver/troubleshooting/errors#no-such-element-exception
Build info: version: '4.27.0', revision: 'd6e718d134'
System info: os.name: 'Windows 11', os.arch: 'amd64', os.version: '10.0', java.version: '23'
Driver info: org.openqa.selenium.edge.EdgeDriver
Command: [23b02cb3ad9958e8bafcf67632ceb80c, findElement {using=xpath, value=//input[@id='continue']}]
Capabilities {acceptInsecureCerts: false, browserName: MicrosoftEdge, browserVersion: 132.0.2957.127, fedcm:accounts: true, ms:edgeOptions: {debuggerAddress: localhost:61399}, msedge: {msedgedriverVersion: 132.0.2957.140 (a81e27b375d..., userDataDir: C:\Users\kales\AppData\Loca...}, networkConnectionEnabled: false, pageLoadStrategy: normal, platformName: windows, proxy: Proxy(), se:cdp: ws://localhost:61399/devtoo..., se:cdpVersion: 132.0.2957.127, setWindowRect: true, strictFileInteractability: false, timeouts: {implicit: 0, pageLoad: 300000, script: 30000}, unhandledPromptBehavior: dismiss and notify, webauthn:extension:credBlob: true, webauthn:extension:largeBlob: true, webauthn:extension:minPinLength: true, webauthn:extension:prf: true, webauthn:virtualAuthenticators: true}
Session ID: 23b02cb3ad9958e8bafcf67632ceb80c]]>
            </message>
            <full-stacktrace>
              <![CDATA[org.openqa.selenium.NoSuchElementException: no such element: Unable to locate element: {"method":"xpath","selector":"//input[@id='continue']"}
  (Session info: MicrosoftEdge=132.0.2957.127)
For documentation on this error, please visit: https://www.selenium.dev/documentation/webdriver/troubleshooting/errors#no-such-element-exception
Build info: version: '4.27.0', revision: 'd6e718d134'
System info: os.name: 'Windows 11', os.arch: 'amd64', os.version: '10.0', java.version: '23'
Driver info: org.openqa.selenium.edge.EdgeDriver
Command: [23b02cb3ad9958e8bafcf67632ceb80c, findElement {using=xpath, value=//input[@id='continue']}]
Capabilities {acceptInsecureCerts: false, browserName: MicrosoftEdge, browserVersion: 132.0.2957.127, fedcm:accounts: true, ms:edgeOptions: {debuggerAddress: localhost:61399}, msedge: {msedgedriverVersion: 132.0.2957.140 (a81e27b375d..., userDataDir: C:\Users\kales\AppData\Loca...}, networkConnectionEnabled: false, pageLoadStrategy: normal, platformName: windows, proxy: Proxy(), se:cdp: ws://localhost:61399/devtoo..., se:cdpVersion: 132.0.2957.127, setWindowRect: true, strictFileInteractability: false, timeouts: {implicit: 0, pageLoad: 300000, script: 30000}, unhandledPromptBehavior: dismiss and notify, webauthn:extension:credBlob: true, webauthn:extension:largeBlob: true, webauthn:extension:minPinLength: true, webauthn:extension:prf: true, webauthn:virtualAuthenticators: true}
Session ID: 23b02cb3ad9958e8bafcf67632ceb80c
at java.base/jdk.internal.reflect.DirectConstructorHandleAccessor.newInstance(DirectConstructorHandleAccessor.java:62)
at java.base/java.lang.reflect.Constructor.newInstanceWithCaller(Constructor.java:501)
at java.base/java.lang.reflect.Constructor.newInstance(Constructor.java:485)
at org.openqa.selenium.remote.ErrorCodec.decode(ErrorCodec.java:167)
at org.openqa.selenium.remote.codec.w3c.W3CHttpResponseCodec.decode(W3CHttpResponseCodec.java:138)
at org.openqa.selenium.remote.codec.w3c.W3CHttpResponseCodec.decode(W3CHttpResponseCodec.java:50)
at org.openqa.selenium.remote.HttpCommandExecutor.execute(HttpCommandExecutor.java:190)
at org.openqa.selenium.remote.service.DriverCommandExecutor.invokeExecute(DriverCommandExecutor.java:216)
at org.openqa.selenium.remote.service.DriverCommandExecutor.execute(DriverCommandExecutor.java:174)
at org.openqa.selenium.remote.RemoteWebDriver.execute(RemoteWebDriver.java:545)
at org.openqa.selenium.remote.ElementLocation$ElementFinder$2.findElement(ElementLocation.java:165)
at org.openqa.selenium.remote.ElementLocation.findElement(ElementLocation.java:59)
at org.openqa.selenium.remote.RemoteWebDriver.findElement(RemoteWebDriver.java:368)
at org.openqa.selenium.remote.RemoteWebDriver.findElement(RemoteWebDriver.java:362)
at org.openqa.selenium.support.pagefactory.DefaultElementLocator.findElement(DefaultElementLocator.java:68)
at org.openqa.selenium.support.pagefactory.internal.LocatingElementHandler.invoke(LocatingElementHandler.java:38)
at jdk.proxy2/jdk.proxy2.$Proxy10.isDisplayed(Unknown Source)
at amazon1.Project_1.Registrationpage.verify_button(Registrationpage.java:60)
at amazon1.Project_1.Testcase1_Newuser_successfully_register.NewUser_registration(Testcase1_Newuser_successfully_register.java:27)
at java.base/jdk.internal.reflect.DirectMethodHandleAccessor.invoke(DirectMethodHandleAccessor.java:103)
at java.base/java.lang.reflect.Method.invoke(Method.java:580)
at org.testng.internal.invokers.MethodInvocationHelper.invokeMethod(MethodInvocationHelper.java:141)
at org.testng.internal.invokers.TestInvoker.invokeMethod(TestInvoker.java:686)
at org.testng.internal.invokers.TestInvoker.invokeTestMethod(TestInvoker.java:230)
at org.testng.internal.invokers.MethodRunner.runInSequence(MethodRunner.java:63)
at org.testng.internal.invokers.TestInvoker$MethodInvocationAgent.invoke(TestInvoker.java:992)
at org.testng.internal.invokers.TestInvoker.invokeTestMethods(TestInvoker.java:203)
at org.testng.internal.invokers.TestMethodWorker.invokeTestMethods(TestMethodWorker.java:154)
at org.testng.internal.invokers.TestMethodWorker.run(TestMethodWorker.java:134)
at java.base/java.util.ArrayList.forEach(ArrayList.java:1597)
at org.testng.TestRunner.privateRun(TestRunner.java:739)
at org.testng.TestRunner.run(TestRunner.java:614)
at org.testng.SuiteRunner.runTest(SuiteRunner.java:421)
at org.testng.SuiteRunner$SuiteWorker.run(SuiteRunner.java:463)
at org.testng.internal.thread.ThreadUtil.lambda$execute$0(ThreadUtil.java:64)
at java.base/java.util.concurrent.FutureTask.run(FutureTask.java:317)
at java.base/java.util.concurrent.ThreadPoolExecutor.runWorker(ThreadPoolExecutor.java:1144)
at java.base/java.util.concurrent.ThreadPoolExecutor$Worker.run(ThreadPoolExecutor.java:642)
at java.base/java.lang.Thread.run(Thread.java:1575)
]]>
            </full-stacktrace>
          </exception> <!-- org.openqa.selenium.NoSuchElementException -->
          <reporter-output>
          </reporter-output>
        </test-method> <!-- NewUser_registration -->
        <test-method is-config="true" signature="quit()[pri:0, instance:amazon1.Project_1.Testcase1_Newuser_successfully_register@639c2c1d]" started-at="2025-02-02T09:28:47 CET" name="quit" finished-at="2025-02-02T09:28:47 CET" duration-ms="0" status="PASS">
          <reporter-output>
          </reporter-output>
        </test-method> <!-- quit -->
        <test-method is-config="true" signature="launch(java.lang.String)[pri:0, instance:amazon1.Project_1.Testcase1_Newuser_successfully_register@639c2c1d]" started-at="2025-02-02T09:28:47 CET" name="launch" finished-at="2025-02-02T09:28:58 CET" duration-ms="10797" status="PASS">
          <params>
            <param index="0">
              <value>
                <![CDATA[Edge]]>
              </value>
            </param>
          </params>
          <reporter-output>
          </reporter-output>
        </test-method> <!-- launch -->
        <test-method signature="NewUser_registration()[pri:0, instance:amazon1.Project_1.Testcase1_Newuser_successfully_register@639c2c1d]" started-at="2025-02-02T09:28:58 CET" name="NewUser_registration" finished-at="2025-02-02T09:29:03 CET" duration-ms="5190" status="PASS">
          <reporter-output>
            <line>
              <![CDATA[Testcase passed]]>
            </line>
          </reporter-output>
        </test-method> <!-- NewUser_registration -->
        <test-method is-config="true" signature="quit()[pri:0, instance:amazon1.Project_1.Testcase1_Newuser_successfully_register@639c2c1d]" started-at="2025-02-02T09:29:03 CET" name="quit" finished-at="2025-02-02T09:29:03 CET" duration-ms="1" status="PASS">
          <reporter-output>
          </reporter-output>
        </test-method> <!-- quit -->
      </class> <!-- amazon1.Project_1.Testcase1_Newuser_successfully_register -->
      <class name="amazon1.Project_1.Testcase6_Verify_search_using_filters">
        <test-method is-config="true" signature="launch(java.lang.String)[pri:0, instance:amazon1.Project_1.Testcase6_Verify_search_using_filters@515c6049]" started-at="2025-02-02T09:28:15 CET" name="launch" finished-at="2025-02-02T09:28:21 CET" duration-ms="6362" status="PASS">
          <params>
            <param index="0">
              <value>
                <![CDATA[Edge]]>
              </value>
            </param>
          </params>
          <reporter-output>
          </reporter-output>
        </test-method> <!-- launch -->
        <test-method signature="search_product_apply_filters()[pri:0, instance:amazon1.Project_1.Testcase6_Verify_search_using_filters@515c6049]" started-at="2025-02-02T09:28:21 CET" name="search_product_apply_filters" finished-at="2025-02-02T09:28:35 CET" duration-ms="14086" status="PASS">
          <reporter-output>
            <line>
              <![CDATA[Testcase passed]]>
            </line>
          </reporter-output>
        </test-method> <!-- search_product_apply_filters -->
        <test-method is-config="true" signature="quit()[pri:0, instance:amazon1.Project_1.Testcase6_Verify_search_using_filters@515c6049]" started-at="2025-02-02T09:28:35 CET" name="quit" finished-at="2025-02-02T09:28:35 CET" duration-ms="0" status="PASS">
          <reporter-output>
          </reporter-output>
        </test-method> <!-- quit -->
      </class> <!-- amazon1.Project_1.Testcase6_Verify_search_using_filters -->
      <class name="amazon1.Project_1.Testcase9_Verify_items_addToshoppingcart_from_productpage">
        <test-method is-config="true" signature="launch(java.lang.String)[pri:0, instance:amazon1.Project_1.Testcase9_Verify_items_addToshoppingcart_from_productpage@74235045]" started-at="2025-02-02T09:33:24 CET" name="launch" finished-at="2025-02-02T09:33:29 CET" duration-ms="4878" status="PASS">
          <params>
            <param index="0">
              <value>
                <![CDATA[Edge]]>
              </value>
            </param>
          </params>
          <reporter-output>
          </reporter-output>
        </test-method> <!-- launch -->
        <test-method signature="Verify_item_addtoshoppingcart()[pri:0, instance:amazon1.Project_1.Testcase9_Verify_items_addToshoppingcart_from_productpage@74235045]" started-at="2025-02-02T09:33:29 CET" name="Verify_item_addtoshoppingcart" finished-at="2025-02-02T09:33:50 CET" duration-ms="20705" status="PASS">
          <reporter-output>
            <line>
              <![CDATA[Testcase passed]]>
            </line>
          </reporter-output>
        </test-method> <!-- Verify_item_addtoshoppingcart -->
        <test-method is-config="true" signature="quit()[pri:0, instance:amazon1.Project_1.Testcase9_Verify_items_addToshoppingcart_from_productpage@74235045]" started-at="2025-02-02T09:33:50 CET" name="quit" finished-at="2025-02-02T09:33:50 CET" duration-ms="0" status="PASS">
          <reporter-output>
          </reporter-output>
        </test-method> <!-- quit -->
      </class> <!-- amazon1.Project_1.Testcase9_Verify_items_addToshoppingcart_from_productpage -->
      <class name="amazon1.Project_1.Testcase4_User_Successfully_edit_profile_info">
        <test-method is-config="true" signature="launch(java.lang.String)[pri:0, instance:amazon1.Project_1.Testcase4_User_Successfully_edit_profile_info@35e2d654]" started-at="2025-02-02T09:27:41 CET" name="launch" finished-at="2025-02-02T09:27:49 CET" duration-ms="7650" status="PASS">
          <params>
            <param index="0">
              <value>
                <![CDATA[Edge]]>
              </value>
            </param>
          </params>
          <reporter-output>
          </reporter-output>
        </test-method> <!-- launch -->
        <test-method signature="user_can_edit_profile_info()[pri:0, instance:amazon1.Project_1.Testcase4_User_Successfully_edit_profile_info@35e2d654]" started-at="2025-02-02T09:27:49 CET" name="user_can_edit_profile_info" finished-at="2025-02-02T09:27:55 CET" duration-ms="6706" status="PASS">
          <reporter-output>
            <line>
              <![CDATA[Testcase passed]]>
            </line>
          </reporter-output>
        </test-method> <!-- user_can_edit_profile_info -->
        <test-method is-config="true" signature="quit()[pri:0, instance:amazon1.Project_1.Testcase4_User_Successfully_edit_profile_info@35e2d654]" started-at="2025-02-02T09:27:55 CET" name="quit" finished-at="2025-02-02T09:27:55 CET" duration-ms="2" status="PASS">
          <reporter-output>
          </reporter-output>
        </test-method> <!-- quit -->
      </class> <!-- amazon1.Project_1.Testcase4_User_Successfully_edit_profile_info -->
      <class name="amazon1.Project_1.Testcase5_searchProduct_likeshoe">
        <test-method is-config="true" signature="launch(java.lang.String)[pri:0, instance:amazon1.Project_1.Testcase5_searchProduct_likeshoe@443118b0]" started-at="2025-02-02T09:32:31 CET" name="launch" finished-at="2025-02-02T09:32:35 CET" duration-ms="4693" status="PASS">
          <params>
            <param index="0">
              <value>
                <![CDATA[Edge]]>
              </value>
            </param>
          </params>
          <reporter-output>
          </reporter-output>
        </test-method> <!-- launch -->
        <test-method signature="signin_search_shoes()[pri:0, instance:amazon1.Project_1.Testcase5_searchProduct_likeshoe@443118b0]" started-at="2025-02-02T09:32:35 CET" name="signin_search_shoes" finished-at="2025-02-02T09:32:46 CET" duration-ms="10355" status="PASS">
          <reporter-output>
            <line>
              <![CDATA[Testcase passed]]>
            </line>
          </reporter-output>
        </test-method> <!-- signin_search_shoes -->
        <test-method is-config="true" signature="quit()[pri:0, instance:amazon1.Project_1.Testcase5_searchProduct_likeshoe@443118b0]" started-at="2025-02-02T09:32:46 CET" name="quit" finished-at="2025-02-02T09:32:46 CET" duration-ms="1" status="PASS">
          <reporter-output>
          </reporter-output>
        </test-method> <!-- quit -->
      </class> <!-- amazon1.Project_1.Testcase5_searchProduct_likeshoe -->
    </test> <!-- Testing Edge -->
  </suite> <!-- Suite -->
</testng-results>
